<?xml version="1.0" encoding="utf-8"?><testsuites><testsuite name="pytest" errors="0" failures="0" skipped="0" tests="6" time="0.046" timestamp="2024-04-24T16:44:59.191565" hostname="SUMUP-PE09P7SW"><testcase classname="tests.test_bytebank.TestClass" name="test_quando_idade_recebe_13_03_2000_deve_retornar_24" time="0.001" /><testcase classname="tests.test_bytebank.TestClass" name="test_quando_sobrenome_recebe_Lucas_Carvalho_deve_retornar_Carvalho" time="0.001" /><testcase classname="tests.test_bytebank.TestClass" name="test_quando_decrescimo_salario_recebe_100000_deve_retornaR_90000" time="0.001" /><testcase classname="tests.test_bytebank.TestClass" name="test_quando_calcular_bonus_recebe_1000_deve_retornar_100" time="0.001" /><testcase classname="tests.test_bytebank.TestClass" name="test_quando_calcular_bonus_recebe_1000000000_deve_retornar_exception" time="0.001" /><testcase classname="tests.test_bytebank.TestClass" name="test_retorno_str" time="0.001" /></testsuite></testsuites>